<?xml version="1.0" encoding="UTF-8"?>
<testsuite xmlns:xsi="http://www.w3.org/2001/XMLSchema-instance" xsi:noNamespaceSchemaLocation="https://maven.apache.org/surefire/maven-surefire-plugin/xsd/surefire-test-report.xsd" version="3.0.2" name="es.uco.pw.pw2526.Pw2526ApplicationTests" time="4.017" tests="1" errors="0" skipped="0" failures="0">
  <properties>
[...]
</properties>
  <testcase name="contextLoads" classname="es.uco.pw.pw2526.Pw2526ApplicationTests" time="0.743">
    <system-out><![CDATA[17:01:38.773 [main] INFO org.springframework.test.context.support.AnnotationConfigContextLoaderUtils -- Could not detect default configuration classes for test class [es.uco.pw.pw2526.Pw2526ApplicationTests]: Pw2526ApplicationTests does not declare any static, non-private, non-final, nested classes annotated with @Configuration.
17:01:38.873 [main] INFO org.springframework.boot.test.context.SpringBootTestContextBootstrapper -- Found @SpringBootConfiguration es.uco.pw.pw2526.Pw2526Application for test class es.uco.pw.pw2526.Pw2526ApplicationTests
17:01:39.057 [main] INFO org.springframework.boot.devtools.restart.RestartApplicationListener -- Restart disabled due to context in which it is running

  .   ____          _            __ _ _
 /\\ / ___'_ __ _ _(_)_ __  __ _ \ \ \ \
( ( )\___ | '_ | '_| | '_ \/ _` | \ \ \ \
 \\/  ___)| |_)| | | | | || (_| |  ) ) ) )
  '  |____| .__|_| |_|_| |_\__, | / / / /
 =========|_|==============|___/=/_/_/_/

 :: Spring Boot ::                (v3.5.6)

2026-04-20T17:01:39.285+02:00  INFO 8080 --- [pw2526] [           main] e.uco.pw.pw2526.Pw2526ApplicationTests   : Starting Pw2526ApplicationTests using Java 17.0.12 with PID 8080 (started by USUARIO in C:\Users\USUARIO\Desktop\MDAS\Practica2\p2MDAS\-pw2526-gm1-5-main\-pw2526-gm1-5-main\pw2526)
2026-04-20T17:01:39.295+02:00  INFO 8080 --- [pw2526] [           main] e.uco.pw.pw2526.Pw2526ApplicationTests   : No active profile set, falling back to 1 default profile: "default"
✅ Archivo ./src/main/resources/db/sql.properties cargado correctamente.
✅ Archivo ./src/main/resources/db/sql.properties cargado correctamente.
✅ Archivo ./src/main/resources/db/sql.properties cargado correctamente.
✅ Archivo sql.properties cargado correctamente.
✅ Archivo ./src/main/resources/db/sql.properties cargado correctamente.
✅ Archivo ./src/main/resources/db/sql.properties cargado correctamente.
✅ Archivo ./src/main/resources/db/sql.properties cargado correctamente.
✅ Archivo ./src/main/resources/db/sql.properties cargado correctamente.
2026-04-20T17:01:41.688+02:00  INFO 8080 --- [pw2526] [           main] o.s.b.a.e.web.EndpointLinksResolver      : Exposing 1 endpoint beneath base path '/actuator'
2026-04-20T17:01:41.809+02:00  INFO 8080 --- [pw2526] [           main] e.uco.pw.pw2526.Pw2526ApplicationTests   : Started Pw2526ApplicationTests in 2.767 seconds (process running for 3.547)
]]></system-out>
    <system-err><![CDATA[Advertencia: Propiedades SQL no inicializadas. Se devolverá un objeto vacío.
]]></system-err>
  </testcase>
</testsuite>